<?xml version="1.0" encoding="UTF-8"?>
<!-- Generated by org.testng.reporters.JUnitXMLReporter -->
<testsuite ignored="0" hostname="MSI-L3157" failures="0" tests="3" name="Test" time="22.731" errors="0" timestamp="30 Mar 2022 12:30:03 GMT">
  <testcase classname="test.VerifyLoggedInUser_PositiveScenario" name="loggedInToApplication_TC1" time="1.318"/>
  <testcase classname="test.VerifyLoggedInUser_NegetiveScenario" name="loggedInToApplication_TC3" time="7.019"/>
  <testcase classname="test.VerifyLoggedInUser_PositiveScenario" name="verifyLoggedInUser_TC2" time="0.126"/>
</testsuite> <!-- Test -->
