<?xml version="1.0" encoding="UTF-8"?>
<!-- Generated by org.testng.reporters.JUnitXMLReporter -->
<testsuite ignored="0" hostname="MSI-L3157" failures="0" tests="2" name="Default test" time="10.05" errors="0" timestamp="30 Mar 2022 10:53:04 GMT">
  <testcase classname="test.VerifyLoggedInUser_PositiveScenario" name="loggedInToApplication_TC1" time="1.414"/>
  <testcase classname="test.VerifyLoggedInUser_PositiveScenario" name="verifyLoggedInUser_TC2" time="0.683"/>
</testsuite> <!-- Default test -->
