<?xml version="1.0" encoding="UTF-8"?>
<testng-results ignored="0" total="3" passed="3" failed="0" skipped="0">
  <reporter-output>
  </reporter-output>
  <suite started-at="2022-03-30T12:29:41Z" name="Suite" finished-at="2022-03-30T12:30:03Z" duration-ms="22731">
    <groups>
    </groups>
    <test started-at="2022-03-30T12:29:41Z" name="Test" finished-at="2022-03-30T12:30:03Z" duration-ms="22731">
      <class name="test.VerifyLoggedInUser_NegetiveScenario">
        <test-method is-config="true" signature="setup()[pri:0, instance:test.VerifyLoggedInUser_NegetiveScenario@3370f42]" started-at="2022-03-30T12:29:41Z" name="setup" finished-at="2022-03-30T12:29:49Z" duration-ms="7929" status="PASS">
          <reporter-output>
          </reporter-output>
        </test-method> <!-- setup -->
        <test-method is-config="true" signature="setup()[pri:0, instance:test.VerifyLoggedInUser_PositiveScenario@9573584]" started-at="2022-03-30T12:29:49Z" name="setup" finished-at="2022-03-30T12:29:55Z" duration-ms="6296" status="PASS">
          <reporter-output>
          </reporter-output>
        </test-method> <!-- setup -->
        <test-method signature="loggedInToApplication_TC3()[pri:1, instance:test.VerifyLoggedInUser_NegetiveScenario@3370f42]" started-at="2022-03-30T12:29:56Z" name="loggedInToApplication_TC3" finished-at="2022-03-30T12:30:03Z" duration-ms="7019" status="PASS">
          <reporter-output>
          </reporter-output>
        </test-method> <!-- loggedInToApplication_TC3 -->
      </class> <!-- test.VerifyLoggedInUser_NegetiveScenario -->
      <class name="test.VerifyLoggedInUser_PositiveScenario">
        <test-method signature="loggedInToApplication_TC1()[pri:1, instance:test.VerifyLoggedInUser_PositiveScenario@9573584]" started-at="2022-03-30T12:29:55Z" name="loggedInToApplication_TC1" finished-at="2022-03-30T12:29:56Z" duration-ms="1318" status="PASS">
          <reporter-output>
          </reporter-output>
        </test-method> <!-- loggedInToApplication_TC1 -->
        <test-method signature="verifyLoggedInUser_TC2()[pri:2, instance:test.VerifyLoggedInUser_PositiveScenario@9573584]" started-at="2022-03-30T12:30:03Z" name="verifyLoggedInUser_TC2" finished-at="2022-03-30T12:30:03Z" duration-ms="126" status="PASS">
          <reporter-output>
          </reporter-output>
        </test-method> <!-- verifyLoggedInUser_TC2 -->
      </class> <!-- test.VerifyLoggedInUser_PositiveScenario -->
    </test> <!-- Test -->
  </suite> <!-- Suite -->
</testng-results>
